# JRE version: OpenJDK Runtime Environment (8.0_242-b01) (build 1.8.0_242-release-1644-b01)
# Java VM: OpenJDK 64-Bit Server VM (25.242-b01 mixed mode windows-amd64 compressed oops)
Heap:
 PSYoungGen      total 616448K, used 541825K [0x00000000d5580000, 0x0000000100000000, 0x0000000100000000)
  eden space 534016K, 92% used [0x00000000d5580000,0x00000000f3a66580,0x00000000f5f00000)
  from space 82432K, 54% used [0x00000000f5f00000,0x00000000f8b3a1d8,0x00000000faf80000)
  to   space 79872K, 0% used [0x00000000fb200000,0x00000000fb200000,0x0000000100000000)
 ParOldGen       total 197120K, used 173577K [0x0000000080000000, 0x000000008c080000, 0x00000000d5580000)
  object space 197120K, 88% used [0x0000000080000000,0x000000008a982720,0x000000008c080000)
 Metaspace       used 96987K, capacity 101990K, committed 102296K, reserved 1138688K
  class space    used 12531K, capacity 13426K, committed 13480K, reserved 1048576K
GC Heap History (10 events):
Event: 47.940 GC heap before
{Heap before GC invocations=35 (full 4):
 PSYoungGen      total 624640K, used 590215K [0x00000000d5580000, 0x0000000100000000, 0x0000000100000000)
  eden space 553472K, 100% used [0x00000000d5580000,0x00000000f7200000,0x00000000f7200000)
  from space 71168K, 51% used [0x00000000fb480000,0x00000000fd861f78,0x00000000ffa00000)
  to   space 68096K, 0% used [0x00000000f7200000,0x00000000f7200000,0x00000000fb480000)
 ParOldGen       total 197120K, used 135958K [0x0000000080000000, 0x000000008c080000, 0x00000000d5580000)
  object space 197120K, 68% used [0x0000000080000000,0x00000000884c58f0,0x000000008c080000)
 Metaspace       used 85701K, capacity 90030K, committed 90392K, reserved 1128448K
  class space    used 11377K, capacity 12188K, committed 12328K, reserved 1048576K
Event: 47.978 GC heap after
Heap after GC invocations=35 (full 4):
 PSYoungGen      total 621568K, used 26801K [0x00000000d5580000, 0x00000000ffa00000, 0x0000000100000000)
  eden space 553472K, 0% used [0x00000000d5580000,0x00000000d5580000,0x00000000f7200000)
  from space 68096K, 39% used [0x00000000f7200000,0x00000000f8c2c658,0x00000000fb480000)
  to   space 66560K, 0% used [0x00000000fb900000,0x00000000fb900000,0x00000000ffa00000)
 ParOldGen       total 197120K, used 138682K [0x0000000080000000, 0x000000008c080000, 0x00000000d5580000)
  object space 197120K, 70% used [0x0000000080000000,0x000000008876e800,0x000000008c080000)
 Metaspace       used 85701K, capacity 90030K, committed 90392K, reserved 1128448K
  class space    used 11377K, capacity 12188K, committed 12328K, reserved 1048576K
}
Event: 49.470 GC heap before
{Heap before GC invocations=36 (full 4):
 PSYoungGen      total 621568K, used 580273K [0x00000000d5580000, 0x00000000ffa00000, 0x0000000100000000)
  eden space 553472K, 100% used [0x00000000d5580000,0x00000000f7200000,0x00000000f7200000)
  from space 68096K, 39% used [0x00000000f7200000,0x00000000f8c2c658,0x00000000fb480000)
  to   space 66560K, 0% used [0x00000000fb900000,0x00000000fb900000,0x00000000ffa00000)
 ParOldGen       total 197120K, used 138682K [0x0000000080000000, 0x000000008c080000, 0x00000000d5580000)
  object space 197120K, 70% used [0x0000000080000000,0x000000008876e800,0x000000008c080000)
 Metaspace       used 85732K, capacity 90038K, committed 90392K, reserved 1128448K
  class space    used 11377K, capacity 12188K, committed 12328K, reserved 1048576K
Event: 49.524 GC heap after
Heap after GC invocations=36 (full 4):
 PSYoungGen      total 627200K, used 41213K [0x00000000d5580000, 0x00000000ffc80000, 0x0000000100000000)
  eden space 560640K, 0% used [0x00000000d5580000,0x00000000d5580000,0x00000000f7900000)
  from space 66560K, 61% used [0x00000000fb900000,0x00000000fe13f560,0x00000000ffa00000)
  to   space 65536K, 0% used [0x00000000f7900000,0x00000000f7900000,0x00000000fb900000)
 ParOldGen       total 197120K, used 138682K [0x0000000080000000, 0x000000008c080000, 0x00000000d5580000)
  object space 197120K, 70% used [0x0000000080000000,0x000000008876e800,0x000000008c080000)
 Metaspace       used 85732K, capacity 90038K, committed 90392K, reserved 1128448K
  class space    used 11377K, capacity 12188K, committed 12328K, reserved 1048576K
}
Event: 50.663 GC heap before
{Heap before GC invocations=37 (full 4):
 PSYoungGen      total 627200K, used 601853K [0x00000000d5580000, 0x00000000ffc80000, 0x0000000100000000)
  eden space 560640K, 100% used [0x00000000d5580000,0x00000000f7900000,0x00000000f7900000)
  from space 66560K, 61% used [0x00000000fb900000,0x00000000fe13f560,0x00000000ffa00000)
  to   space 65536K, 0% used [0x00000000f7900000,0x00000000f7900000,0x00000000fb900000)
 ParOldGen       total 197120K, used 138682K [0x0000000080000000, 0x000000008c080000, 0x00000000d5580000)
  object space 197120K, 70% used [0x0000000080000000,0x000000008876e800,0x000000008c080000)
 Metaspace       used 85749K, capacity 90050K, committed 90392K, reserved 1128448K
  class space    used 11380K, capacity 12190K, committed 12328K, reserved 1048576K
Event: 50.693 GC heap after
Heap after GC invocations=37 (full 4):
 PSYoungGen      total 626176K, used 26107K [0x00000000d5580000, 0x00000000ffc00000, 0x0000000100000000)
  eden space 560640K, 0% used [0x00000000d5580000,0x00000000d5580000,0x00000000f7900000)
  from space 65536K, 39% used [0x00000000f7900000,0x00000000f927ef48,0x00000000fb900000)
  to   space 64000K, 0% used [0x00000000fbd80000,0x00000000fbd80000,0x00000000ffc00000)
 ParOldGen       total 197120K, used 138682K [0x0000000080000000, 0x000000008c080000, 0x00000000d5580000)
  object space 197120K, 70% used [0x0000000080000000,0x000000008876e800,0x000000008c080000)
 Metaspace       used 85749K, capacity 90050K, committed 90392K, reserved 1128448K
  class space    used 11380K, capacity 12190K, committed 12328K, reserved 1048576K
}
Event: 52.768 GC heap before
{Heap before GC invocations=38 (full 4):
 PSYoungGen      total 626176K, used 586747K [0x00000000d5580000, 0x00000000ffc00000, 0x0000000100000000)
  eden space 560640K, 100% used [0x00000000d5580000,0x00000000f7900000,0x00000000f7900000)
  from space 65536K, 39% used [0x00000000f7900000,0x00000000f927ef48,0x00000000fb900000)
  to   space 64000K, 0% used [0x00000000fbd80000,0x00000000fbd80000,0x00000000ffc00000)
 ParOldGen       total 197120K, used 138682K [0x0000000080000000, 0x000000008c080000, 0x00000000d5580000)
  object space 197120K, 70% used [0x0000000080000000,0x000000008876e800,0x000000008c080000)
 Metaspace       used 86513K, capacity 90962K, committed 91160K, reserved 1128448K
  class space    used 11459K, capacity 12292K, committed 12328K, reserved 1048576K
Event: 52.986 GC heap after
Heap after GC invocations=38 (full 4):
 PSYoungGen      total 598016K, used 63999K [0x00000000d5580000, 0x0000000100000000, 0x0000000100000000)
  eden space 534016K, 0% used [0x00000000d5580000,0x00000000d5580000,0x00000000f5f00000)
  from space 64000K, 99% used [0x00000000fbd80000,0x00000000ffbffe58,0x00000000ffc00000)
  to   space 82432K, 0% used [0x00000000f5f00000,0x00000000f5f00000,0x00000000faf80000)
 ParOldGen       total 197120K, used 165833K [0x0000000080000000, 0x000000008c080000, 0x00000000d5580000)
  object space 197120K, 84% used [0x0000000080000000,0x000000008a1f2648,0x000000008c080000)
 Metaspace       used 86513K, capacity 90962K, committed 91160K, reserved 1128448K
  class space    used 11459K, capacity 12292K, committed 12328K, reserved 1048576K
}
Event: 61.455 GC heap before
{Heap before GC invocations=39 (full 4):
 PSYoungGen      total 598016K, used 598015K [0x00000000d5580000, 0x0000000100000000, 0x0000000100000000)
  eden space 534016K, 100% used [0x00000000d5580000,0x00000000f5f00000,0x00000000f5f00000)
  from space 64000K, 99% used [0x00000000fbd80000,0x00000000ffbffe58,0x00000000ffc00000)
  to   space 82432K, 0% used [0x00000000f5f00000,0x00000000f5f00000,0x00000000faf80000)
 ParOldGen       total 197120K, used 165833K [0x0000000080000000, 0x000000008c080000, 0x00000000d5580000)
  object space 197120K, 84% used [0x0000000080000000,0x000000008a1f2648,0x000000008c080000)
 Metaspace       used 89119K, capacity 93720K, committed 93976K, reserved 1130496K
  class space    used 11727K, capacity 12579K, committed 12584K, reserved 1048576K
Event: 61.521 GC heap after
Heap after GC invocations=39 (full 4):
 PSYoungGen      total 616448K, used 45288K [0x00000000d5580000, 0x0000000100000000, 0x0000000100000000)
  eden space 534016K, 0% used [0x00000000d5580000,0x00000000d5580000,0x00000000f5f00000)
  from space 82432K, 54% used [0x00000000f5f00000,0x00000000f8b3a1d8,0x00000000faf80000)
  to   space 79872K, 0% used [0x00000000fb200000,0x00000000fb200000,0x0000000100000000)
 ParOldGen       total 197120K, used 173577K [0x0000000080000000, 0x000000008c080000, 0x00000000d5580000)
  object space 197120K, 88% used [0x0000000080000000,0x000000008a982720,0x000000008c080000)
 Metaspace       used 89119K, capacity 93720K, committed 93976K, reserved 1130496K
  class space    used 11727K, capacity 12579K, committed 12584K, reserved 1048576K
}

