# JRE version: OpenJDK Runtime Environment (8.0_242-b01) (build 1.8.0_242-release-1644-b01)
# Java VM: OpenJDK 64-Bit Server VM (25.242-b01 mixed mode windows-amd64 compressed oops)
Heap:
 PSYoungGen      total 651776K, used 566315K [0x00000000d5580000, 0x0000000100000000, 0x0000000100000000)
  eden space 604672K, 89% used [0x00000000d5580000,0x00000000f677e4a0,0x00000000fa400000)
  from space 47104K, 50% used [0x00000000fa400000,0x00000000fbb0c968,0x00000000fd200000)
  to   space 46080K, 0% used [0x00000000fd300000,0x00000000fd300000,0x0000000100000000)
 ParOldGen       total 218112K, used 137346K [0x0000000080000000, 0x000000008d500000, 0x00000000d5580000)
  object space 218112K, 62% used [0x0000000080000000,0x0000000088620ac8,0x000000008d500000)
 Metaspace       used 140457K, capacity 148359K, committed 148480K, reserved 1177600K
  class space    used 18107K, capacity 19618K, committed 19712K, reserved 1048576K
GC Heap History (10 events):
Event: 69.051 GC heap before
{Heap before GC invocations=27 (full 4):
 PSYoungGen      total 483840K, used 465890K [0x00000000d5580000, 0x00000000f5780000, 0x0000000100000000)
  eden space 459776K, 100% used [0x00000000d5580000,0x00000000f1680000,0x00000000f1680000)
  from space 24064K, 25% used [0x00000000f4000000,0x00000000f45f8a00,0x00000000f5780000)
  to   space 33280K, 0% used [0x00000000f1680000,0x00000000f1680000,0x00000000f3700000)
 ParOldGen       total 218112K, used 91222K [0x0000000080000000, 0x000000008d500000, 0x00000000d5580000)
  object space 218112K, 41% used [0x0000000080000000,0x00000000859159b8,0x000000008d500000)
 Metaspace       used 115278K, capacity 120493K, committed 120704K, reserved 1153024K
  class space    used 15058K, capacity 16133K, committed 16256K, reserved 1048576K
Event: 69.172 GC heap after
Heap after GC invocations=27 (full 4):
 PSYoungGen      total 493056K, used 33274K [0x00000000d5580000, 0x00000000fc780000, 0x0000000100000000)
  eden space 459776K, 0% used [0x00000000d5580000,0x00000000d5580000,0x00000000f1680000)
  from space 33280K, 99% used [0x00000000f1680000,0x00000000f36febb0,0x00000000f3700000)
  to   space 40960K, 0% used [0x00000000f9f80000,0x00000000f9f80000,0x00000000fc780000)
 ParOldGen       total 218112K, used 97404K [0x0000000080000000, 0x000000008d500000, 0x00000000d5580000)
  object space 218112K, 44% used [0x0000000080000000,0x0000000085f1f390,0x000000008d500000)
 Metaspace       used 115278K, capacity 120493K, committed 120704K, reserved 1153024K
  class space    used 15058K, capacity 16133K, committed 16256K, reserved 1048576K
}
Event: 71.259 GC heap before
{Heap before GC invocations=28 (full 4):
 PSYoungGen      total 493056K, used 493050K [0x00000000d5580000, 0x00000000fc780000, 0x0000000100000000)
  eden space 459776K, 100% used [0x00000000d5580000,0x00000000f1680000,0x00000000f1680000)
  from space 33280K, 99% used [0x00000000f1680000,0x00000000f36febb0,0x00000000f3700000)
  to   space 40960K, 0% used [0x00000000f9f80000,0x00000000f9f80000,0x00000000fc780000)
 ParOldGen       total 218112K, used 97404K [0x0000000080000000, 0x000000008d500000, 0x00000000d5580000)
  object space 218112K, 44% used [0x0000000080000000,0x0000000085f1f390,0x000000008d500000)
 Metaspace       used 115394K, capacity 120565K, committed 120704K, reserved 1153024K
  class space    used 15059K, capacity 16133K, committed 16256K, reserved 1048576K
Event: 71.292 GC heap after
Heap after GC invocations=28 (full 4):
 PSYoungGen      total 594944K, used 11261K [0x00000000d5580000, 0x00000000fc300000, 0x0000000100000000)
  eden space 558592K, 0% used [0x00000000d5580000,0x00000000d5580000,0x00000000f7700000)
  from space 36352K, 30% used [0x00000000f9f80000,0x00000000faa7f478,0x00000000fc300000)
  to   space 38912K, 0% used [0x00000000f7700000,0x00000000f7700000,0x00000000f9d00000)
 ParOldGen       total 218112K, used 116060K [0x0000000080000000, 0x000000008d500000, 0x00000000d5580000)
  object space 218112K, 53% used [0x0000000080000000,0x0000000087157360,0x000000008d500000)
 Metaspace       used 115394K, capacity 120565K, committed 120704K, reserved 1153024K
  class space    used 15059K, capacity 16133K, committed 16256K, reserved 1048576K
}
Event: 74.359 GC heap before
{Heap before GC invocations=29 (full 4):
 PSYoungGen      total 594944K, used 569853K [0x00000000d5580000, 0x00000000fc300000, 0x0000000100000000)
  eden space 558592K, 100% used [0x00000000d5580000,0x00000000f7700000,0x00000000f7700000)
  from space 36352K, 30% used [0x00000000f9f80000,0x00000000faa7f478,0x00000000fc300000)
  to   space 38912K, 0% used [0x00000000f7700000,0x00000000f7700000,0x00000000f9d00000)
 ParOldGen       total 218112K, used 116060K [0x0000000080000000, 0x000000008d500000, 0x00000000d5580000)
  object space 218112K, 53% used [0x0000000080000000,0x0000000087157360,0x000000008d500000)
 Metaspace       used 118881K, capacity 124421K, committed 124544K, reserved 1157120K
  class space    used 15539K, capacity 16653K, committed 16768K, reserved 1048576K
Event: 74.384 GC heap after
Heap after GC invocations=29 (full 4):
 PSYoungGen      total 597504K, used 10442K [0x00000000d5580000, 0x00000000fff80000, 0x0000000100000000)
  eden space 558592K, 0% used [0x00000000d5580000,0x00000000d5580000,0x00000000f7700000)
  from space 38912K, 26% used [0x00000000f7700000,0x00000000f8132910,0x00000000f9d00000)
  to   space 37376K, 0% used [0x00000000fdb00000,0x00000000fdb00000,0x00000000fff80000)
 ParOldGen       total 218112K, used 116804K [0x0000000080000000, 0x000000008d500000, 0x00000000d5580000)
  object space 218112K, 53% used [0x0000000080000000,0x00000000872113c0,0x000000008d500000)
 Metaspace       used 118881K, capacity 124421K, committed 124544K, reserved 1157120K
  class space    used 15539K, capacity 16653K, committed 16768K, reserved 1048576K
}
Event: 842.995 GC heap before
{Heap before GC invocations=30 (full 4):
 PSYoungGen      total 597504K, used 569034K [0x00000000d5580000, 0x00000000fff80000, 0x0000000100000000)
  eden space 558592K, 100% used [0x00000000d5580000,0x00000000f7700000,0x00000000f7700000)
  from space 38912K, 26% used [0x00000000f7700000,0x00000000f8132910,0x00000000f9d00000)
  to   space 37376K, 0% used [0x00000000fdb00000,0x00000000fdb00000,0x00000000fff80000)
 ParOldGen       total 218112K, used 116804K [0x0000000080000000, 0x000000008d500000, 0x00000000d5580000)
  object space 218112K, 53% used [0x0000000080000000,0x00000000872113c0,0x000000008d500000)
 Metaspace       used 126310K, capacity 132433K, committed 132608K, reserved 1165312K
  class space    used 16345K, capacity 17585K, committed 17664K, reserved 1048576K
Event: 843.050 GC heap after
Heap after GC invocations=30 (full 4):
 PSYoungGen      total 642048K, used 37349K [0x00000000d5580000, 0x0000000100000000, 0x0000000100000000)
  eden space 604672K, 0% used [0x00000000d5580000,0x00000000d5580000,0x00000000fa400000)
  from space 37376K, 99% used [0x00000000fdb00000,0x00000000fff79788,0x00000000fff80000)
  to   space 47104K, 0% used [0x00000000fa400000,0x00000000fa400000,0x00000000fd200000)
 ParOldGen       total 218112K, used 125750K [0x0000000080000000, 0x000000008d500000, 0x00000000d5580000)
  object space 218112K, 57% used [0x0000000080000000,0x0000000087acd970,0x000000008d500000)
 Metaspace       used 126310K, capacity 132433K, committed 132608K, reserved 1165312K
  class space    used 16345K, capacity 17585K, committed 17664K, reserved 1048576K
}
Event: 850.027 GC heap before
{Heap before GC invocations=31 (full 4):
 PSYoungGen      total 642048K, used 642021K [0x00000000d5580000, 0x0000000100000000, 0x0000000100000000)
  eden space 604672K, 100% used [0x00000000d5580000,0x00000000fa400000,0x00000000fa400000)
  from space 37376K, 99% used [0x00000000fdb00000,0x00000000fff79788,0x00000000fff80000)
  to   space 47104K, 0% used [0x00000000fa400000,0x00000000fa400000,0x00000000fd200000)
 ParOldGen       total 218112K, used 125750K [0x0000000080000000, 0x000000008d500000, 0x00000000d5580000)
  object space 218112K, 57% used [0x0000000080000000,0x0000000087acd970,0x000000008d500000)
 Metaspace       used 133028K, capacity 139495K, committed 139648K, reserved 1171456K
  class space    used 17112K, capacity 18440K, committed 18560K, reserved 1048576K
Event: 850.102 GC heap after
Heap after GC invocations=31 (full 4):
 PSYoungGen      total 651776K, used 23602K [0x00000000d5580000, 0x0000000100000000, 0x0000000100000000)
  eden space 604672K, 0% used [0x00000000d5580000,0x00000000d5580000,0x00000000fa400000)
  from space 47104K, 50% used [0x00000000fa400000,0x00000000fbb0c968,0x00000000fd200000)
  to   space 46080K, 0% used [0x00000000fd300000,0x00000000fd300000,0x0000000100000000)
 ParOldGen       total 218112K, used 137346K [0x0000000080000000, 0x000000008d500000, 0x00000000d5580000)
  object space 218112K, 62% used [0x0000000080000000,0x0000000088620ac8,0x000000008d500000)
 Metaspace       used 133028K, capacity 139495K, committed 139648K, reserved 1171456K
  class space    used 17112K, capacity 18440K, committed 18560K, reserved 1048576K
}

